TN:
SF:E:/interview tests/webtrekk-customers/webtrekk-customers-node/src/polyfills.ts
FNF:0
FNH:0
DA:22,1
DA:23,1
DA:24,1
DA:25,1
DA:26,1
DA:27,1
DA:28,1
DA:29,1
DA:30,1
DA:31,1
DA:32,1
DA:33,1
DA:34,1
DA:35,1
DA:46,1
DA:60,1
LF:16
LH:16
BRF:0
BRH:0
end_of_record
TN:
SF:E:/interview tests/webtrekk-customers/webtrekk-customers-node/src/test.ts
FNF:0
FNH:0
DA:3,1
DA:4,1
DA:5,1
DA:13,1
DA:18,1
DA:20,1
LF:6
LH:6
BRF:0
BRH:0
end_of_record
TN:
SF:E:/interview tests/webtrekk-customers/webtrekk-customers-node/src/app/app.component.ts
FN:8,(anonymous_1)
FN:3,AppComponent
FNF:2
FNH:2
FNDA:1,(anonymous_1)
FNDA:2,AppComponent
DA:1,1
DA:8,1
DA:9,2
DA:10,1
LF:4
LH:4
BRF:0
BRH:0
end_of_record
TN:
SF:E:/interview tests/webtrekk-customers/webtrekk-customers-node/src/app/shared.module.ts
FN:26,(anonymous_1)
FNF:1
FNH:1
FNDA:12,(anonymous_1)
DA:2,1
DA:3,1
DA:4,1
DA:5,1
DA:8,1
DA:9,1
DA:26,1
LF:7
LH:7
BRF:0
BRH:0
end_of_record
TN:
SF:E:/interview tests/webtrekk-customers/webtrekk-customers-node/src/app/common/enums/actionEnum.ts
FN:1,(anonymous_0)
FNF:1
FNH:1
FNDA:1,(anonymous_0)
DA:1,1
DA:2,1
DA:3,1
LF:3
LH:3
BRDA:1,0,0,1
BRDA:1,0,1,1
BRF:2
BRH:2
end_of_record
TN:
SF:E:/interview tests/webtrekk-customers/webtrekk-customers-node/src/app/common/helpers/sessionCacheHelper.ts
FN:1,(anonymous_0)
FN:3,(anonymous_2)
FN:6,(anonymous_3)
FNF:3
FNH:2
FNDA:1,(anonymous_0)
FNDA:5,(anonymous_2)
FNDA:0,(anonymous_3)
DA:1,1
DA:3,1
DA:4,5
DA:6,1
DA:7,0
DA:9,1
LF:6
LH:5
BRF:0
BRH:0
end_of_record
TN:
SF:E:/interview tests/webtrekk-customers/webtrekk-customers-node/src/app/common/loaders/loader.component.ts
FN:12,(anonymous_1)
FN:4,LoaderComponent
FN:19,(anonymous_3)
FN:23,(anonymous_4)
FN:27,(anonymous_5)
FN:31,(anonymous_6)
FN:36,(anonymous_7)
FNF:7
FNH:1
FNDA:1,(anonymous_1)
FNDA:0,LoaderComponent
FNDA:0,(anonymous_3)
FNDA:0,(anonymous_4)
FNDA:0,(anonymous_5)
FNDA:0,(anonymous_6)
FNDA:0,(anonymous_7)
DA:1,1
DA:12,1
DA:13,0
DA:14,0
DA:15,0
DA:16,0
DA:17,0
DA:19,1
DA:20,0
DA:23,1
DA:24,0
DA:27,1
DA:28,0
DA:31,1
DA:32,0
DA:33,0
DA:36,1
DA:37,0
DA:39,1
LF:19
LH:8
BRF:0
BRH:0
end_of_record
TN:
SF:E:/interview tests/webtrekk-customers/webtrekk-customers-node/src/app/common/modals/deleteModal/deleteModal.component.ts
FN:12,(anonymous_2)
FN:19,DeleteModalComponent
FN:22,(anonymous_4)
FN:26,(anonymous_5)
FN:32,(anonymous_6)
FN:36,(anonymous_7)
FNF:6
FNH:1
FNDA:1,(anonymous_2)
FNDA:0,DeleteModalComponent
FNDA:0,(anonymous_4)
FNDA:0,(anonymous_5)
FNDA:0,(anonymous_6)
FNDA:0,(anonymous_7)
DA:1,1
DA:2,1
DA:3,1
DA:12,1
DA:13,1
DA:14,1
DA:22,1
DA:23,0
DA:26,1
DA:27,0
DA:28,0
DA:29,0
DA:32,1
DA:33,0
DA:36,1
DA:37,0
DA:39,1
LF:17
LH:11
BRDA:23,0,0,0
BRDA:23,0,1,0
BRF:2
BRH:0
end_of_record
TN:
SF:E:/interview tests/webtrekk-customers/webtrekk-customers-node/src/app/common/models/customer.ts
FN:3,(anonymous_0)
FN:12,Customer
FN:23,(anonymous_2)
FNF:3
FNH:3
FNDA:1,(anonymous_0)
FNDA:4,Customer
FNDA:5,(anonymous_2)
DA:3,1
DA:13,4
DA:14,4
DA:15,4
DA:16,4
DA:17,4
DA:18,4
DA:19,4
DA:21,1
DA:23,1
DA:26,1
LF:11
LH:11
BRF:0
BRH:0
end_of_record
TN:
SF:E:/interview tests/webtrekk-customers/webtrekk-customers-node/src/app/customersList/customersList-routing.module.ts
FN:36,(anonymous_1)
FNF:1
FNH:1
FNDA:12,(anonymous_1)
DA:1,1
DA:2,1
DA:3,1
DA:4,1
DA:5,1
DA:7,1
DA:36,1
LF:7
LH:7
BRF:0
BRH:0
end_of_record
TN:
SF:E:/interview tests/webtrekk-customers/webtrekk-customers-node/src/app/customersList/customersList.component.ts
FN:15,(anonymous_2)
FN:29,CustomersListComponent
FN:32,(anonymous_4)
FN:35,(anonymous_5)
FN:51,(anonymous_6)
FN:53,(anonymous_7)
FN:58,(anonymous_8)
FN:63,(anonymous_9)
FN:67,(anonymous_10)
FN:69,(anonymous_11)
FN:74,(anonymous_12)
FNF:11
FNH:6
FNDA:1,(anonymous_2)
FNDA:7,CustomersListComponent
FNDA:5,(anonymous_4)
FNDA:7,(anonymous_5)
FNDA:5,(anonymous_6)
FNDA:5,(anonymous_7)
FNDA:0,(anonymous_8)
FNDA:0,(anonymous_9)
FNDA:0,(anonymous_10)
FNDA:0,(anonymous_11)
FNDA:0,(anonymous_12)
DA:1,1
DA:2,1
DA:4,1
DA:5,1
DA:6,1
DA:9,1
DA:15,1
DA:18,1
DA:19,1
DA:20,1
DA:22,7
DA:23,7
DA:24,7
DA:25,7
DA:26,7
DA:27,7
DA:29,7
DA:32,1
DA:35,1
DA:36,7
DA:37,7
DA:41,7
DA:51,5
DA:52,5
DA:54,5
DA:55,5
DA:56,5
DA:59,0
DA:63,1
DA:64,0
DA:67,1
DA:68,0
DA:72,0
DA:76,0
DA:98,1
LF:35
LH:30
BRF:0
BRH:0
end_of_record
TN:
SF:E:/interview tests/webtrekk-customers/webtrekk-customers-node/src/app/customersList/edit/edit.component.ts
FN:17,(anonymous_2)
FN:31,EditComponent
FN:106,(anonymous_4)
FN:108,(anonymous_5)
FN:110,(anonymous_6)
FN:112,(anonymous_7)
FN:49,(anonymous_8)
FN:54,(anonymous_9)
FN:57,(anonymous_10)
FN:70,(anonymous_11)
FN:72,(anonymous_12)
FN:76,(anonymous_13)
FN:83,(anonymous_14)
FN:84,(anonymous_15)
FN:93,(anonymous_16)
FN:97,(anonymous_17)
FN:102,(anonymous_18)
FN:116,(anonymous_19)
FN:117,(anonymous_20)
FNF:19
FNH:8
FNDA:1,(anonymous_2)
FNDA:4,EditComponent
FNDA:0,(anonymous_4)
FNDA:0,(anonymous_5)
FNDA:0,(anonymous_6)
FNDA:0,(anonymous_7)
FNDA:3,(anonymous_8)
FNDA:1,(anonymous_9)
FNDA:2,(anonymous_10)
FNDA:1,(anonymous_11)
FNDA:1,(anonymous_12)
FNDA:0,(anonymous_13)
FNDA:0,(anonymous_14)
FNDA:0,(anonymous_15)
FNDA:0,(anonymous_16)
FNDA:0,(anonymous_17)
FNDA:4,(anonymous_18)
FNDA:0,(anonymous_19)
FNDA:0,(anonymous_20)
DA:3,1
DA:4,1
DA:5,1
DA:6,1
DA:8,1
DA:17,1
DA:18,4
DA:20,4
DA:31,4
DA:32,4
DA:34,4
DA:35,4
DA:37,4
DA:39,4
DA:40,4
DA:41,4
DA:44,0
DA:45,0
DA:49,1
DA:50,3
DA:51,3
DA:54,1
DA:57,1
DA:58,2
DA:59,0
DA:61,2
DA:62,0
DA:64,2
DA:67,2
DA:70,1
DA:71,1
DA:74,1
DA:77,0
DA:78,0
DA:79,0
DA:83,1
DA:84,0
DA:85,0
DA:86,0
DA:88,0
DA:89,0
DA:93,1
DA:97,1
DA:102,1
DA:103,4
DA:106,4
DA:108,4
DA:110,4
DA:112,4
DA:116,1
DA:117,0
DA:118,0
DA:119,0
DA:120,0
DA:123,1
LF:55
LH:39
BRDA:39,0,0,4
BRDA:39,0,1,0
BRDA:58,1,0,0
BRDA:58,1,1,2
BRDA:61,2,0,0
BRDA:61,2,1,2
BRDA:77,3,0,0
BRDA:77,3,1,0
BRF:8
BRH:3
end_of_record
TN:
SF:E:/interview tests/webtrekk-customers/webtrekk-customers-node/src/app/services/customersList.service.ts
FN:7,(anonymous_2)
FN:11,CustomersListService
FN:14,(anonymous_4)
FN:18,(anonymous_5)
FN:22,(anonymous_6)
FN:34,(anonymous_7)
FNF:6
FNH:1
FNDA:1,(anonymous_2)
FNDA:0,CustomersListService
FNDA:0,(anonymous_4)
FNDA:0,(anonymous_5)
FNDA:0,(anonymous_6)
FNDA:0,(anonymous_7)
DA:1,1
DA:3,1
DA:7,1
DA:9,0
DA:11,0
DA:14,1
DA:15,0
DA:18,1
DA:19,0
DA:22,1
DA:24,0
DA:26,0
DA:27,0
DA:30,0
DA:34,1
DA:35,0
DA:38,1
LF:17
LH:8
BRDA:24,0,0,0
BRDA:24,0,1,0
BRDA:24,1,0,0
BRDA:24,1,1,0
BRF:4
BRH:0
end_of_record
TN:
SF:E:/interview tests/webtrekk-customers/webtrekk-customers-node/src/app/services/mock-services/CustomersMockService.ts
FN:28,(anonymous_1)
FN:29,(anonymous_3)
FN:33,(anonymous_4)
FNF:3
FNH:2
FNDA:12,(anonymous_1)
FNDA:5,(anonymous_3)
FNDA:0,(anonymous_4)
DA:2,1
DA:3,1
DA:28,1
DA:29,1
DA:30,5
DA:33,1
DA:34,0
DA:36,1
LF:8
LH:7
BRF:0
BRH:0
end_of_record
